<?xml version="1.0" encoding="UTF-8"?>
<!-- Generated by org.testng.reporters.JUnitReportReporter -->
<testsuite hostname="DESKTOP-589VVO4" failures="0" tests="1" name="com.cheil.qa.testplans.CoreTest" time="23.272" errors="1" timestamp="2024-08-20T08:54:55 CEST" skipped="0">
  <testcase classname="com.cheil.qa.testplans.CoreTest" name="processLocators" time="23.272">
    <error/>
  </testcase> <!-- processLocators -->
  <system-out/>
</testsuite> <!-- com.cheil.qa.testplans.CoreTest -->
